C51 COMPILER V9.60.7.0   LCDLCD                                                            06/20/2023 17:47:37 PAGE 1   


C51 COMPILER V9.60.7.0, COMPILATION OF MODULE LCDLCD
OBJECT MODULE PLACED IN .\Objects\lcdlcd.obj
COMPILER INVOKED BY: C:\Keil_v5\C51\BIN\C51.EXE lcdlcd.c OPTIMIZE(8,SPEED) BROWSE DEBUG OBJECTEXTEND PRINT(.\Listings\lc
                    -dlcd.lst) TABS(2) OBJECT(.\Objects\lcdlcd.obj)

line level    source

   1          #include <REGX51.H>
   2          
   3          #define LCD_RS  P1_0
   4          #define LCD_RW  P1_1
   5          #define LCD_EN  P1_2
   6          #define LCD_D4  P0_4
   7          #define LCD_D5  P0_5
   8          #define LCD_D6  P0_6
   9          #define LCD_D7  P0_7
  10          
  11          void delay_us(unsigned int t){
  12   1              unsigned int i;
  13   1              for(i=0;i<t;i++);
  14   1      }
  15          void delay_ms(unsigned int t){
  16   1              unsigned int i,j;
  17   1              for(i=0;i<t;i++)
  18   1              for(j=0;j<125;j++);}
  19          /***********Ctr giao tiep LCD 16x2 4bit**********************/
  20          void LCD_Enable(void){
  21   1              LCD_EN =1;
  22   1              delay_us(3);
  23   1              LCD_EN =0;
  24   1              delay_us(50); 
  25   1      }
  26          //Ham Gui 4 Bit Du Lieu Ra LCD
  27          void LCD_Send4Bit(unsigned char Data){
  28   1              LCD_D4=Data & 0x01;
  29   1              LCD_D5=(Data>>1)&1;
  30   1              LCD_D6=(Data>>2)&1;
  31   1              LCD_D7=(Data>>3)&1;
  32   1      }
  33          // Ham Gui 1 Lenh Cho LCD
  34          void LCD_SendCommand(unsigned char command){
  35   1              LCD_Send4Bit(command >>4);/* Gui 4 bit cao */
  36   1              LCD_Enable();
  37   1              LCD_Send4Bit(command); /* Gui 4 bit thap*/
  38   1              LCD_Enable();
  39   1      }
  40          void LCD_Clear(){// Ham Xoa Man Hinh LCD
  41   1              LCD_SendCommand(0x01); 
  42   1              delay_us(10);
  43   1      }
  44          // Ham Khoi Tao LCD
  45          void LCD_Init(){
  46   1              LCD_Send4Bit(0x00);   //turn on LCD
  47   1              delay_ms(20);
  48   1              LCD_RS=0;
  49   1              LCD_RW=0;
  50   1              LCD_Send4Bit(0x03);   //function setting
  51   1              LCD_Enable();
  52   1              delay_ms(5);
  53   1              LCD_Enable();
  54   1              delay_us(100);
C51 COMPILER V9.60.7.0   LCDLCD                                                            06/20/2023 17:47:37 PAGE 2   

  55   1              LCD_Enable();
  56   1              LCD_Send4Bit(0x02);   //di chuyen con tro ve dau man hnh
  57   1              LCD_Enable();
  58   1              LCD_SendCommand( 0x28 ); //lua chon che do 4 bit
  59   1              LCD_SendCommand( 0x0c);  // bat hien thi va tat con tro di
  60   1              LCD_SendCommand( 0x06 );
  61   1              LCD_SendCommand(0x01);
  62   1      }
  63          void LCD_Gotoxy(unsigned char x, unsigned char y){
  64   1              unsigned char address;
  65   1              if(!y)address=(0x80+x);
  66   1              else address=(0xc0+x);
  67   1              delay_us(1000);
  68   1              LCD_SendCommand(address);
  69   1              delay_us(50);
  70   1      }
  71          void LCD_PutChar(unsigned char Data){
  72   1              LCD_RS=1;
  73   1              LCD_SendCommand(Data);
  74   1              LCD_RS=0 ;
  75   1      }
  76          void LCD_Puts(char *s){
  77   1              while (*s){
  78   2                      LCD_PutChar(*s);
  79   2                      s++;
  80   2              }
  81   1      }
  82          
  83          void main(){
  84   1        LCD_Init();
  85   1        delay_ms(20);
  86   1        LCD_Puts(" Hello");
  87   1        delay_ms(1000);
  88   1        LCD_Clear();
  89   1        LCD_Gotoxy(0,0);
  90   1        LCD_Puts(" dientu360.com");
  91   1        delay_ms(1000);
  92   1        LCD_Gotoxy(0,1);
  93   1        LCD_Puts(" tuhoc360.net");
  94   1        //LCD_Puts(" Cerato Forte");
  95   1        while(1){};
  96   1      }


MODULE INFORMATION:   STATIC OVERLAYABLE
   CODE SIZE        =    340    ----
   CONSTANT SIZE    =     36    ----
   XDATA SIZE       =   ----    ----
   PDATA SIZE       =   ----    ----
   DATA SIZE        =   ----       3
   IDATA SIZE       =   ----    ----
   BIT SIZE         =   ----    ----
END OF MODULE INFORMATION.


C51 COMPILATION COMPLETE.  0 WARNING(S),  0 ERROR(S)
