C51 COMPILER V9.01   MAIN                                                                  07/05/2023 14:59:10 PAGE 1   


C51 COMPILER V9.01, COMPILATION OF MODULE MAIN
OBJECT MODULE PLACED IN main.OBJ
COMPILER INVOKED BY: C:\Keil\C51\BIN\C51.EXE main.c BROWSE DEBUG OBJECTEXTEND

line level    source

   1          #include <REGX52.H>
   2          #include "delay.h"
   3          #include "lcd1602.h"
   4          #include "port.h"
   5          #include "hs1101.h"
   6          #include "stdio.h"
   7          
   8          unsigned int Frequency = 0;
   9          unsigned short Humidity =0;
  10          
  11          unsigned char str[20];
  12          
  13          void main()
  14          {
  15   1              LCD_Init();             /* Initialization of LCD*/
  16   1              setCursor(0, 1);
  17   1              Frequency = Freq();
  18   1              Humidity = Humd(Frequency);
  19   1              LCD_String("Humidity: ");
  20   1              sprintf(str, "%3d", Humidity);
  21   1              //sprintf(str, "%5d", Frequency);
  22   1              LCD_String(str);
  23   1              LCD_Char('%'); 
  24   1              delay(50);              
  25   1              while (1);              /* Infinite loop. */
  26   1      }


MODULE INFORMATION:   STATIC OVERLAYABLE
   CODE SIZE        =     80    ----
   CONSTANT SIZE    =     15    ----
   XDATA SIZE       =   ----    ----
   PDATA SIZE       =   ----    ----
   DATA SIZE        =     24    ----
   IDATA SIZE       =   ----    ----
   BIT SIZE         =   ----    ----
END OF MODULE INFORMATION.


C51 COMPILATION COMPLETE.  0 WARNING(S),  0 ERROR(S)
