C51 COMPILER V9.01   ADC0804                                                               08/18/2023 09:59:36 PAGE 1   


C51 COMPILER V9.01, COMPILATION OF MODULE ADC0804
OBJECT MODULE PLACED IN adc0804.OBJ
COMPILER INVOKED BY: C:\Keil\C51\BIN\C51.EXE adc0804.c BROWSE DEBUG OBJECTEXTEND

line level    source

   1          #include <REGX52.H>
   2          #include "adc0804.h"
   3          #include "delay.h"
   4          #include "port.h"
   5          
   6          unsigned char ADC0804_Read(void) 
   7          {
   8   1              unsigned char result;
   9   1      
  10   1              ADC_WR = 0;
  11   1              ADC_WR = 1;
  12   1      
  13   1              while(ADC_INTR);
  14   1      
  15   1              ADC_RD = 0;
  16   1              result = ADC_Data;
  17   1              ADC_RD = 1;
  18   1      
  19   1              return result;
  20   1      }
  21          
  22          float Cal_Temp(unsigned int ADC_Value)
  23          {
  24   1              float Temperature = 0.0;
  25   1              unsigned int frac = 0;
  26   1              unsigned int temp = 0;
  27   1        if (ADC_Value < 31)
  28   1                      Temperature = (ADC_Value - 11) / 1.86982;
  29   1              else if ((ADC_Value >= 31) && (ADC_Value < 54))
  30   1                      Temperature = (ADC_Value - 31) * 0.4299966 + 5;
  31   1              else if ((ADC_Value >= 54) && (ADC_Value < 74))
  32   1                      Temperature = (ADC_Value - 54) * 0.49640 + 15;
  33   1              else if ((ADC_Value >= 74) && (ADC_Value < 85))
  34   1                      Temperature = (ADC_Value - 74) * 0.48857 + 25;
  35   1              else if ((ADC_Value >= 85) && (ADC_Value < 97))
  36   1                      Temperature = (ADC_Value - 85) * 0.416667 + 30;
  37   1              else if ((ADC_Value >= 97) && (ADC_Value < 110))
  38   1                      Temperature = (ADC_Value - 97) * 0.38461 + 35;
  39   1              else if ((ADC_Value >= 110) && (ADC_Value < 116))
  40   1                      Temperature = (ADC_Value - 110) * 1.5669 + 40;
  41   1              else if ((ADC_Value >= 116) && (ADC_Value < 125))
  42   1                      Temperature = (ADC_Value - 116) * 1.11408 + 50;
  43   1              else if ((ADC_Value >= 125) && (ADC_Value < 165))
  44   1                      Temperature = (ADC_Value - 125) * 0.37136 + 60;
  45   1              else if ((ADC_Value >= 165) && (ADC_Value < 173))
  46   1                      Temperature = (ADC_Value - 165) * 0.632511 + 75;
  47   1              else if ((ADC_Value >= 173) && (ADC_Value < 186))
  48   1                      Temperature = (ADC_Value - 173) * 0.80032 + 80;
  49   1              else if ((ADC_Value >= 186) && (ADC_Value < 190))
  50   1                      Temperature = (ADC_Value - 186) * 0.39215 + 90;
  51   1              else if ((ADC_Value >= 190) && (ADC_Value < 255))
  52   1                      Temperature = (ADC_Value - 190) * 0.424886 + 91.6;
  53   1              temp = (unsigned int)(Temperature * 10);
  54   1              Temperature = (double)temp / 10;
  55   1              frac = temp % 10;
C51 COMPILER V9.01   ADC0804                                                               08/18/2023 09:59:36 PAGE 2   

  56   1      
  57   1              if (frac < 3)
  58   1              {
  59   2                      Temperature -= (double)(frac) / 10;
  60   2              }
  61   1              else if ((frac >= 3) && (frac <= 7))
  62   1              {
  63   2                      Temperature += (5 - (double)frac) / 10;
  64   2              }
  65   1              else
  66   1              {
  67   2                      Temperature += (double)(10 - frac) / 10;
  68   2              }
  69   1              
  70   1              
  71   1        return Temperature;
  72   1      }


MODULE INFORMATION:   STATIC OVERLAYABLE
   CODE SIZE        =   1074    ----
   CONSTANT SIZE    =   ----    ----
   XDATA SIZE       =   ----    ----
   PDATA SIZE       =   ----    ----
   DATA SIZE        =   ----      10
   IDATA SIZE       =   ----    ----
   BIT SIZE         =   ----    ----
END OF MODULE INFORMATION.


C51 COMPILATION COMPLETE.  0 WARNING(S),  0 ERROR(S)
