C51 COMPILER V9.01   HS1101                                                                08/18/2023 09:59:36 PAGE 1   


C51 COMPILER V9.01, COMPILATION OF MODULE HS1101
OBJECT MODULE PLACED IN hs1101.OBJ
COMPILER INVOKED BY: C:\Keil\C51\BIN\C51.EXE hs1101.c BROWSE DEBUG OBJECTEXTEND

line level    source

   1          #include <REGX52.H>
   2          #include "hs1101.h"
   3          #include "delay.h"
   4          #include "port.h"
   5          
   6          code int hs1101[101] = {
   7                                                          7351, 7338, 7325, 7312, 7299, 7286, 7273, 7260, 7247, 7234, 
   8                                                          7221, 7208, 7195, 7182, 7169, 7156, 7143, 7130, 7117, 7104, 
   9                                                          7091, 7078, 7065, 7052, 7039, 7026, 7013, 7000, 6987, 6974, 
  10                                                          6961, 6948, 6935, 6922, 6909, 6896, 6883, 6870, 6857, 6844, 
  11                                                          6831, 6818, 6805, 6792, 6779, 6766, 6753, 6740, 6727, 6714, 
  12                                                          6701, 6688, 6675, 6662, 6649, 6636, 6623, 6610, 6597, 6584, 
  13                                                          6571, 6558, 6545, 6532, 6519, 6506, 6493, 6480, 6467, 6454, 
  14                                                          6441, 6428, 6415, 6402, 6389, 6376, 6363, 6350, 6337, 6324, 
  15                                                          6311, 6298, 6285, 6272, 6259, 6246, 6233, 6220, 6207, 6194, 
  16                                                          6181, 6168, 6155, 6142, 6129, 6116, 6103, 6090, 6077, 6064, 6051
  17                                                          };
  18          
  19          unsigned int Freq(void) 
  20          {
  21   1              unsigned int pulses = 0;
  22   1              HS1101 = 0xFF;
  23   1              TMOD = 0x51;
  24   1              TL1 = 0;
  25   1              TH1 = 0;
  26   1              TR1 = 1;
  27   1              delay(100);
  28   1              TR1 = 0;
  29   1              pulses = (TH1 * (0x100)) + TL1;
  30   1              pulses = pulses * 10;
  31   1              return pulses;
  32   1      }
  33                                                     
  34          
  35          unsigned short Humd(unsigned int Frequency)
  36          {
  37   1              int i;
  38   1              for (i = 0; i < 101; i++) 
  39   1              {
  40   2                      if((Frequency) > hs1101[i]) return i;
  41   2              }       
  42   1              return 100;
  43   1      }
  44          
  45          


MODULE INFORMATION:   STATIC OVERLAYABLE
   CODE SIZE        =     95    ----
   CONSTANT SIZE    =    202    ----
   XDATA SIZE       =   ----    ----
   PDATA SIZE       =   ----    ----
   DATA SIZE        =   ----    ----
   IDATA SIZE       =   ----    ----
   BIT SIZE         =   ----    ----
C51 COMPILER V9.01   HS1101                                                                08/18/2023 09:59:36 PAGE 2   

END OF MODULE INFORMATION.


C51 COMPILATION COMPLETE.  0 WARNING(S),  0 ERROR(S)
