C51 COMPILER V9.01   LCD1602                                                               08/18/2023 09:59:36 PAGE 1   


C51 COMPILER V9.01, COMPILATION OF MODULE LCD1602
OBJECT MODULE PLACED IN lcd1602.OBJ
COMPILER INVOKED BY: C:\Keil\C51\BIN\C51.EXE lcd1602.c BROWSE DEBUG OBJECTEXTEND

line level    source

   1          #include <REGX52.H>
   2          #include "lcd1602.h" 
   3          #include "port.h"
   4          #include "delay.h"
   5          
   6          void sendHighNibble (unsigned char Data)        //Send upper nibble
   7          {
   8   1              LCD = (LCD & 0x0F);
   9   1              LCD |= (Data & 0xF0);
  10   1      }
  11          
  12          void sendLowNibble (unsigned char Data)         //Send lower nibble
  13          {
  14   1              LCD = (LCD & 0x0F);
  15   1              LCD |= (Data << 4);
  16   1      }
  17          
  18          void LCD_Command (char Cmnd)
  19          {
  20   1              RS = 0;                                 //Send Command 
  21   1              RW = 0;                                 //Write operation
  22   1      
  23   1              sendHighNibble(Cmnd);
  24   1              EN = 1;
  25   1              delay(1);
  26   1              EN = 0; 
  27   1              delay(2);
  28   1      
  29   1              sendLowNibble(Cmnd);
  30   1              EN = 1;
  31   1              delay(1);
  32   1              EN = 0; 
  33   1              delay(5);
  34   1      }
  35          
  36          void LCD_Data (char Data)
  37          {
  38   1              RS = 1;                                   //Send Data
  39   1              RW = 0;                                   //Write Operation
  40   1      
  41   1              sendHighNibble(Data);
  42   1              EN = 1;
  43   1              delay(1);
  44   1              EN = 0;
  45   1              delay(2);
  46   1      
  47   1              sendLowNibble(Data);
  48   1              EN = 1;
  49   1              delay(1);
  50   1              EN = 0;
  51   1              delay(5);
  52   1      }
  53          
  54          void LCD_Clear()                                
  55          {
C51 COMPILER V9.01   LCD1602                                                               08/18/2023 09:59:36 PAGE 2   

  56   1              LCD_Command(0x01);
  57   1      }
  58          
  59          void setCursor(unsigned char row, unsigned char pos)    //Setting up the position of the cursor to LCD1602
  60          {
  61   1              if(row == 0) 
  62   1                      LCD_Command((pos & 0x0F)|0x80); 
  63   1              else if(row == 1)
  64   1                      LCD_Command ((pos & 0x0F|0xC0));
  65   1      }
  66          
  67          void LCD_Char(char c)             //Print char
  68          {
  69   1              LCD_Data(c);
  70   1      }
  71          
  72          void LCD_String(char *str)        //Print string
  73          {
  74   1              while(*str) 
  75   1              {
  76   2                      LCD_Char(*str);
  77   2                      str++;
  78   2              }
  79   1      }
  80          
  81          void LCD_Init()
  82          {
  83   1              delay(20);
  84   1              LCD_Command(0x02);                      //4bit mode
  85   1              delay(10);
  86   1              LCD_Command(0x28);                      //Initialization of 16x2LCD in 4bit mode
  87   1              delay(10);
  88   1              LCD_Command(0x0C);                      //Display ON Curosr OFF
  89   1              delay(10);
  90   1              LCD_Command(0x06);                      //Auto Increment cursor
  91   1              delay(10);
  92   1              LCD_Clear();                            
  93   1              delay(10);
  94   1              LCD_Command(0x80);                      //Cursor at home position
  95   1              delay(10);
  96   1      }


MODULE INFORMATION:   STATIC OVERLAYABLE
   CODE SIZE        =    271    ----
   CONSTANT SIZE    =   ----    ----
   XDATA SIZE       =   ----    ----
   PDATA SIZE       =   ----    ----
   DATA SIZE        =   ----       7
   IDATA SIZE       =   ----    ----
   BIT SIZE         =   ----    ----
END OF MODULE INFORMATION.


C51 COMPILATION COMPLETE.  0 WARNING(S),  0 ERROR(S)
