C51 COMPILER V9.01   MAIN                                                                  08/18/2023 09:59:35 PAGE 1   


C51 COMPILER V9.01, COMPILATION OF MODULE MAIN
OBJECT MODULE PLACED IN main.OBJ
COMPILER INVOKED BY: C:\Keil\C51\BIN\C51.EXE main.c BROWSE DEBUG OBJECTEXTEND

line level    source

   1          #include <REGX52.H>
   2          #include "delay.h"
   3          #include "lcd1602.h"
   4          #include "port.h"
   5          #include "hs1101.h"
   6          #include "stdio.h"
   7          #include "adc0804.h"
   8          
   9          unsigned int ADC_Value = 0;
  10          double Temperature = 0;
  11          
  12          unsigned int Frequency = 0;
  13          unsigned short Humidity =0;
  14          
  15          unsigned char str[20];
  16          
  17          void main()
  18          {
  19   1              LCD_Init();             /* Initialization of LCD*/
  20   1              P1 = 0xFF;
  21   1              
  22   1              while(1) {
  23   2              ADC_Value = ADC0804_Read();
  24   2              Temperature = Cal_Temp (ADC_Value);
  25   2              setCursor(0, 0);
  26   2              LCD_String("TEMP: ");
  27   2              sprintf (str, "%4.lf", Temperature);
  28   2              LCD_String(str);
  29   2              if (Temperature >= 10.0)
  30   2              {
  31   3                      LCD_Char (0xDF);                //Print degree Celius
  32   3                      LCD_Char ('C');
  33   3              }
  34   2              else
  35   2              {
  36   3                      setCursor(0,9);
  37   3                      LCD_Char(0xDF);
  38   3                      LCD_Char('C');
  39   3              }
  40   2      
  41   2              setCursor(1,0);
  42   2              Frequency = Freq();
  43   2              Humidity = Humd(Frequency);
  44   2              LCD_String("HUMIDITY: ");
  45   2              sprintf(str, "%3d", Humidity);
  46   2              LCD_String(str);
  47   2              LCD_Char('%');
  48   2              delay(50);
  49   2              LCD_Clear();    
  50   2              }               /* Infinite loop. */
  51   1      }


MODULE INFORMATION:   STATIC OVERLAYABLE
   CODE SIZE        =    201    ----
C51 COMPILER V9.01   MAIN                                                                  08/18/2023 09:59:35 PAGE 2   

   CONSTANT SIZE    =     28    ----
   XDATA SIZE       =   ----    ----
   PDATA SIZE       =   ----    ----
   DATA SIZE        =     30    ----
   IDATA SIZE       =   ----    ----
   BIT SIZE         =   ----    ----
END OF MODULE INFORMATION.


C51 COMPILATION COMPLETE.  0 WARNING(S),  0 ERROR(S)
